  os_cpu_c.c
  os_core.c
D:\ntust\EmbeddingOS\RTOS_M11107309_PA2\RTOS_M11107309_PA2_CUS\Micrium_Win32_Kernel\Micrium\Software\uCOS-II\Source\os_core.c(1025,17): warning C4013: 'exit' 未定義; 假設 extern 傳回整數
D:\ntust\EmbeddingOS\RTOS_M11107309_PA2\RTOS_M11107309_PA2_CUS\Micrium_Win32_Kernel\Micrium\Software\uCOS-II\Source\os_core.c(1171,104): warning C4244: '=': 將 'INT16U' 轉換為 'INT8U'，由於類型不同，可能導致資料遺失
  os_dbg_r.c
  os_flag.c
  os_mbox.c
  os_mem.c
  os_mutex.c
  os_q.c
  os_sem.c
  os_task.c
  os_time.c
  os_tmr.c
  app_hooks.c
D:\ntust\EmbeddingOS\RTOS_M11107309_PA2\RTOS_M11107309_PA2_CUS\Micrium_Win32_Kernel\Microsoft\Windows\Kernel\OS2\app_hooks.c(128,31): warning C4013: 'atoi' 未定義; 假設 extern 傳回整數
  main.c
D:\ntust\EmbeddingOS\RTOS_M11107309_PA2\RTOS_M11107309_PA2_CUS\Micrium_Win32_Kernel\Microsoft\Windows\Kernel\OS2\main.c(110,22): warning C4013: 'malloc' 未定義; 假設 extern 傳回整數
D:\ntust\EmbeddingOS\RTOS_M11107309_PA2\RTOS_M11107309_PA2_CUS\Micrium_Win32_Kernel\Microsoft\Windows\Kernel\OS2\main.c(110,50): warning C4047: '=': 'OS_STK **' 與 'int' 間接取值的層級不同
D:\ntust\EmbeddingOS\RTOS_M11107309_PA2\RTOS_M11107309_PA2_CUS\Micrium_Win32_Kernel\Microsoft\Windows\Kernel\OS2\main.c(114,59): warning C4047: '=': 'OS_STK *' 與 'int' 間接取值的層級不同
D:\ntust\EmbeddingOS\RTOS_M11107309_PA2\RTOS_M11107309_PA2_CUS\Micrium_Win32_Kernel\Microsoft\Windows\Kernel\OS2\main.c(130,44): warning C4244: '函式': 將 'INT16U' 轉換為 'INT8U'，由於類型不同，可能導致資料遺失
D:\ntust\EmbeddingOS\RTOS_M11107309_PA2\RTOS_M11107309_PA2_CUS\Micrium_Win32_Kernel\Microsoft\Windows\Kernel\OS2\main.c(131,47): warning C4244: '函式': 將 'INT16U' 轉換為 'INT8U'，由於類型不同，可能導致資料遺失
D:\ntust\EmbeddingOS\RTOS_M11107309_PA2\RTOS_M11107309_PA2_CUS\Micrium_Win32_Kernel\Microsoft\Windows\Kernel\OS2\main.c(133,9): warning C4244: '函式': 將 'INT16U' 轉換為 'INT8U'，由於類型不同，可能導致資料遺失
D:\ntust\EmbeddingOS\RTOS_M11107309_PA2\RTOS_M11107309_PA2_CUS\Micrium_Win32_Kernel\Microsoft\Windows\Kernel\OS2\main.c(90,17): warning C4101: 'os_err': 未參考的區域變數
  正在產生程式碼...
  OS2.vcxproj -> D:\ntust\EmbeddingOS\RTOS_M11107309_PA2\RTOS_M11107309_PA2_CUS\Micrium_Win32_Kernel\Microsoft\Windows\Kernel\OS2\VS\Debug\OS2.exe
